2026-06-22 15:42:44,500 [INFO] __main__: Бот запущен. Ожидание инлайн-запросов...
2026-06-22 15:42:44,500 [INFO] aiogram.dispatcher: Start polling
2026-06-22 15:42:44,964 [INFO] aiogram.dispatcher: Run polling for bot @Waifulinuxbot id=8953158347 - 'гайды - WAIFU OS'
2026-06-22 15:42:45,100 [INFO] __main__: Callback от 8964334068: новый контент, тег='None'
2026-06-22 15:42:46,765 [INFO] aiogram.event: Update id=558241082 is handled. Duration 1667 ms by bot id=8953158347
2026-06-22 15:42:50,220 [INFO] __main__: Callback от 8964334068: новый контент, тег='None'
2026-06-22 15:42:51,223 [INFO] aiogram.event: Update id=558241083 is handled. Duration 1003 ms by bot id=8953158347
2026-06-22 15:42:53,319 [INFO] __main__: Callback от 8964334068: новый контент, тег='None'
2026-06-22 15:42:54,201 [INFO] aiogram.event: Update id=558241084 is handled. Duration 882 ms by bot id=8953158347
2026-06-22 15:42:56,553 [INFO] __main__: Callback от 8964334068: новый контент, тег='None'
2026-06-22 15:42:57,448 [INFO] aiogram.event: Update id=558241085 is handled. Duration 896 ms by bot id=8953158347
2026-06-22 15:43:02,312 [INFO] __main__: Callback от 8964334068: новый контент, тег='None'
2026-06-22 15:43:03,206 [INFO] aiogram.event: Update id=558241086 is handled. Duration 895 ms by bot id=8953158347
2026-06-22 15:43:07,405 [INFO] __main__: Callback от 8964334068: новый контент, тег='None'
2026-06-22 15:43:08,425 [INFO] aiogram.event: Update id=558241087 is handled. Duration 1021 ms by bot id=8953158347
2026-06-22 15:43:14,310 [INFO] __main__: Callback от 8964334068: новый контент, тег='None'
2026-06-22 15:43:15,594 [INFO] aiogram.event: Update id=558241088 is handled. Duration 1284 ms by bot id=8953158347
2026-06-22 15:43:19,896 [INFO] __main__: Callback от 8964334068: новый контент, тег='None'
2026-06-22 15:43:20,983 [INFO] __main__: Inline-запрос от 1383064664: тег='None'
2026-06-22 15:43:20,996 [INFO] aiogram.event: Update id=558241089 is handled. Duration 1101 ms by bot id=8953158347
2026-06-22 15:43:21,430 [INFO] aiogram.event: Update id=558241090 is handled. Duration 447 ms by bot id=8953158347
2026-06-22 15:43:24,917 [INFO] __main__: Callback от 8964334068: новый контент, тег='None'
2026-06-22 15:43:26,218 [INFO] aiogram.event: Update id=558241091 is handled. Duration 1302 ms by bot id=8953158347
2026-06-22 15:43:30,515 [INFO] __main__: Callback от 8964334068: новый контент, тег='None'
2026-06-22 15:43:31,584 [INFO] aiogram.event: Update id=558241092 is handled. Duration 1069 ms by bot id=8953158347
2026-06-22 15:43:36,912 [INFO] __main__: Callback от 8964334068: новый контент, тег='None'
2026-06-22 15:43:38,000 [INFO] aiogram.event: Update id=558241093 is handled. Duration 1089 ms by bot id=8953158347
2026-06-22 15:43:40,595 [INFO] __main__: Callback от 8964334068: новый контент, тег='None'
2026-06-22 15:43:41,467 [INFO] aiogram.event: Update id=558241094 is handled. Duration 872 ms by bot id=8953158347
2026-06-22 15:43:43,132 [INFO] __main__: Кд у 8964334068: осталось 0с
2026-06-22 15:43:43,272 [INFO] aiogram.event: Update id=558241095 is handled. Duration 140 ms by bot id=8953158347
2026-06-22 15:43:47,033 [INFO] __main__: Callback от 8964334068: новый контент, тег='None'
2026-06-22 15:43:48,101 [INFO] aiogram.event: Update id=558241096 is handled. Duration 1069 ms by bot id=8953158347
2026-06-22 15:43:50,650 [INFO] __main__: Callback от 8964334068: новый контент, тег='None'
2026-06-22 15:43:51,581 [INFO] aiogram.event: Update id=558241097 is handled. Duration 933 ms by bot id=8953158347
2026-06-22 15:43:57,203 [INFO] __main__: Callback от 8964334068: новый контент, тег='None'
2026-06-22 15:43:58,068 [INFO] aiogram.event: Update id=558241098 is handled. Duration 864 ms by bot id=8953158347
2026-06-22 15:44:02,119 [INFO] __main__: Callback от 8964334068: новый контент, тег='None'
2026-06-22 15:44:03,142 [INFO] aiogram.event: Update id=558241099 is handled. Duration 1025 ms by bot id=8953158347
2026-06-22 15:44:05,365 [INFO] __main__: Callback от 8964334068: новый контент, тег='None'
2026-06-22 15:44:06,588 [INFO] aiogram.event: Update id=558241100 is handled. Duration 1225 ms by bot id=8953158347
2026-06-22 15:44:09,664 [INFO] __main__: Callback от 8964334068: новый контент, тег='None'
2026-06-22 15:44:10,626 [INFO] aiogram.event: Update id=558241101 is handled. Duration 963 ms by bot id=8953158347
2026-06-22 15:44:13,349 [INFO] __main__: Callback от 8964334068: новый контент, тег='None'
2026-06-22 15:44:14,473 [INFO] aiogram.event: Update id=558241102 is handled. Duration 1125 ms by bot id=8953158347
2026-06-22 15:44:16,731 [INFO] __main__: Callback от 8964334068: новый контент, тег='None'
2026-06-22 15:44:17,891 [INFO] aiogram.event: Update id=558241103 is handled. Duration 1161 ms by bot id=8953158347
2026-06-22 15:44:21,338 [INFO] __main__: Callback от 8964334068: новый контент, тег='None'
2026-06-22 15:44:22,309 [INFO] aiogram.event: Update id=558241104 is handled. Duration 971 ms by bot id=8953158347
2026-06-22 15:44:26,358 [INFO] __main__: Callback от 8964334068: новый контент, тег='None'
2026-06-22 15:44:27,313 [INFO] aiogram.event: Update id=558241105 is handled. Duration 956 ms by bot id=8953158347
2026-06-22 15:44:31,472 [INFO] __main__: Callback от 8964334068: новый контент, тег='None'
2026-06-22 15:44:32,471 [INFO] aiogram.event: Update id=558241106 is handled. Duration 999 ms by bot id=8953158347
2026-06-22 15:44:35,880 [INFO] __main__: Callback от 8964334068: новый контент, тег='None'
2026-06-22 15:44:37,126 [INFO] aiogram.event: Update id=558241107 is handled. Duration 1247 ms by bot id=8953158347
2026-06-22 15:44:46,630 [INFO] __main__: Callback от 8964334068: новый контент, тег='None'
2026-06-22 15:44:47,856 [INFO] aiogram.event: Update id=558241108 is handled. Duration 1227 ms by bot id=8953158347
2026-06-22 15:47:29,243 [INFO] __main__: Inline-запрос от 8964334068: тег='None'
2026-06-22 15:47:29,378 [INFO] aiogram.event: Update id=558241109 is handled. Duration 135 ms by bot id=8953158347
2026-06-22 15:48:24,340 [INFO] __main__: Callback от 1383064664: новый контент, тег='None'
2026-06-22 15:48:25,138 [INFO] aiogram.event: Update id=558241110 is handled. Duration 798 ms by bot id=8953158347
2026-06-22 15:48:35,816 [INFO] __main__: Callback от 8964334068: новый контент, тег='oral'
2026-06-22 15:48:36,522 [INFO] aiogram.event: Update id=558241111 is handled. Duration 706 ms by bot id=8953158347
2026-06-22 15:48:39,284 [INFO] __main__: Callback от 8964334068: новый контент, тег='oral'
2026-06-22 15:48:40,077 [INFO] aiogram.event: Update id=558241112 is handled. Duration 794 ms by bot id=8953158347
2026-06-22 15:48:42,985 [INFO] __main__: Callback от 8964334068: новый контент, тег='oral'
2026-06-22 15:48:43,712 [INFO] aiogram.event: Update id=558241113 is handled. Duration 727 ms by bot id=8953158347
2026-06-22 15:48:46,495 [INFO] __main__: Callback от 8964334068: новый контент, тег='oral'
2026-06-22 15:48:47,472 [INFO] aiogram.event: Update id=558241114 is handled. Duration 977 ms by bot id=8953158347
2026-06-22 15:49:05,938 [INFO] __main__: Callback от 8964334068: новый контент, тег='oral'
2026-06-22 15:49:06,900 [INFO] aiogram.event: Update id=558241115 is handled. Duration 962 ms by bot id=8953158347
2026-06-22 15:49:09,174 [INFO] __main__: Callback от 8964334068: новый контент, тег='oral'
2026-06-22 15:49:10,005 [INFO] aiogram.event: Update id=558241116 is handled. Duration 831 ms by bot id=8953158347
2026-06-22 15:49:33,014 [WARNING] aiogram.dispatcher: Received SIGTERM signal
2026-06-22 15:49:33,015 [INFO] aiogram.dispatcher: Polling stopped for bot @Waifulinuxbot id=8953158347 - 'гайды - WAIFU OS'
2026-06-22 15:49:33,015 [INFO] aiogram.dispatcher: Polling stopped
2026-06-22 15:52:50,401 [INFO] __main__: Бот запущен. Ожидание инлайн-запросов...
2026-06-22 15:52:50,401 [INFO] aiogram.dispatcher: Start polling
2026-06-22 15:52:50,986 [INFO] aiogram.dispatcher: Run polling for bot @Waifulinuxbot id=8953158347 - 'гайды - WAIFU OS'
2026-06-22 15:52:51,119 [INFO] __main__: Inline-запрос от 1383064664: тег='None'
2026-06-22 15:52:52,011 [INFO] aiogram.event: Update id=558241121 is handled. Duration 892 ms by bot id=8953158347
2026-06-22 15:52:58,867 [INFO] __main__: Callback от 1383064664: новый контент, тег='None'
2026-06-22 15:52:59,486 [ERROR] __main__: Не удалось отредактировать сообщение: Telegram server says - Bad Request: wrong type of the web page content
2026-06-22 15:52:59,608 [INFO] aiogram.event: Update id=558241122 is handled. Duration 741 ms by bot id=8953158347
2026-06-22 15:52:59,642 [INFO] __main__: Чужой нажал кнопку: 412194543 (владелец 1383064664)
2026-06-22 15:52:59,768 [INFO] aiogram.event: Update id=558241123 is handled. Duration 126 ms by bot id=8953158347
2026-06-22 15:53:08,621 [INFO] __main__: Callback от 1383064664: новый контент, тег='None'
2026-06-22 15:53:09,440 [INFO] aiogram.event: Update id=558241124 is handled. Duration 819 ms by bot id=8953158347
2026-06-22 15:53:12,974 [INFO] __main__: Callback от 1383064664: новый контент, тег='None'
2026-06-22 15:53:13,794 [INFO] aiogram.event: Update id=558241125 is handled. Duration 820 ms by bot id=8953158347
2026-06-22 15:53:27,851 [INFO] __main__: Чужой нажал кнопку: 1936768025 (владелец 1383064664)
2026-06-22 15:53:28,051 [INFO] aiogram.event: Update id=558241126 is handled. Duration 201 ms by bot id=8953158347
2026-06-22 15:53:46,444 [WARNING] aiogram.dispatcher: Received SIGTERM signal
2026-06-22 15:53:46,444 [INFO] aiogram.dispatcher: Polling stopped for bot @Waifulinuxbot id=8953158347 - 'гайды - WAIFU OS'
2026-06-22 15:53:46,444 [INFO] aiogram.dispatcher: Polling stopped
2026-06-22 15:54:13,057 [INFO] __main__: Бот запущен. Ожидание инлайн-запросов...
2026-06-22 15:54:13,057 [INFO] aiogram.dispatcher: Start polling
2026-06-22 15:54:13,506 [INFO] aiogram.dispatcher: Run polling for bot @Waifulinuxbot id=8953158347 - 'гайды - WAIFU OS'
2026-06-22 15:54:13,654 [INFO] __main__: Inline-запрос от 1383064664: тег='None'
2026-06-22 15:54:13,655 [INFO] __main__: Inline-запрос от 1383064664: тег='None'
2026-06-22 15:54:13,657 [INFO] __main__: Inline-запрос от 1383064664: тег='None'
2026-06-22 15:54:14,646 [INFO] aiogram.event: Update id=558241127 is not handled. Duration 992 ms by bot id=8953158347
2026-06-22 15:54:14,646 [ERROR] aiogram.event: Cause exception while process update id=558241127 by bot id=8953158347
TelegramBadRequest: Telegram server says - Bad Request: query is too old and response timeout expired or query ID is invalid
Traceback (most recent call last):
  File "/home/zumuvik/project/r34_stiker_bot/.venv/lib/python3.13/site-packages/aiogram/dispatcher/dispatcher.py", line 320, in _process_update
    response = await self.feed_update(bot, update, **kwargs)
               ^^^^^^^^^^^^^^^^^^^^^^^^^^^^^^^^^^^^^^^^^^^^^
  File "/home/zumuvik/project/r34_stiker_bot/.venv/lib/python3.13/site-packages/aiogram/dispatcher/dispatcher.py", line 164, in feed_update
    response = await self.update.wrap_outer_middleware(
               ^^^^^^^^^^^^^^^^^^^^^^^^^^^^^^^^^^^^^^^^
    ...<7 lines>...
    )
    ^
  File "/home/zumuvik/project/r34_stiker_bot/.venv/lib/python3.13/site-packages/aiogram/dispatcher/middlewares/error.py", line 27, in __call__
    return await handler(event, data)
           ^^^^^^^^^^^^^^^^^^^^^^^^^^
  File "/home/zumuvik/project/r34_stiker_bot/.venv/lib/python3.13/site-packages/aiogram/dispatcher/middlewares/user_context.py", line 58, in __call__
    return await handler(event, data)
           ^^^^^^^^^^^^^^^^^^^^^^^^^^
  File "/home/zumuvik/project/r34_stiker_bot/.venv/lib/python3.13/site-packages/aiogram/fsm/middleware.py", line 43, in __call__
    return await handler(event, data)
           ^^^^^^^^^^^^^^^^^^^^^^^^^^
  File "/home/zumuvik/project/r34_stiker_bot/.venv/lib/python3.13/site-packages/aiogram/dispatcher/event/telegram.py", line 126, in trigger
    return await wrapped_inner(event, kwargs)
           ^^^^^^^^^^^^^^^^^^^^^^^^^^^^^^^^^^
  File "/home/zumuvik/project/r34_stiker_bot/.venv/lib/python3.13/site-packages/aiogram/dispatcher/event/handler.py", line 71, in call
    return await wrapped()
           ^^^^^^^^^^^^^^^
  File "/home/zumuvik/project/r34_stiker_bot/.venv/lib/python3.13/site-packages/aiogram/dispatcher/dispatcher.py", line 283, in _listen_update
    return await self.propagate_event(update_type=update_type, event=event, **kwargs)
           ^^^^^^^^^^^^^^^^^^^^^^^^^^^^^^^^^^^^^^^^^^^^^^^^^^^^^^^^^^^^^^^^^^^^^^^^^^
  File "/home/zumuvik/project/r34_stiker_bot/.venv/lib/python3.13/site-packages/aiogram/dispatcher/router.py", line 165, in propagate_event
    return await observer.wrap_outer_middleware(_wrapped, event=event, data=kwargs)
           ^^^^^^^^^^^^^^^^^^^^^^^^^^^^^^^^^^^^^^^^^^^^^^^^^^^^^^^^^^^^^^^^^^^^^^^^
  File "/home/zumuvik/project/r34_stiker_bot/.venv/lib/python3.13/site-packages/aiogram/dispatcher/router.py", line 157, in _wrapped
    return await self._propagate_event(
           ^^^^^^^^^^^^^^^^^^^^^^^^^^^^
    ...<4 lines>...
    )
    ^
  File "/home/zumuvik/project/r34_stiker_bot/.venv/lib/python3.13/site-packages/aiogram/dispatcher/router.py", line 185, in _propagate_event
    response = await observer.trigger(event, **kwargs)
               ^^^^^^^^^^^^^^^^^^^^^^^^^^^^^^^^^^^^^^^
  File "/home/zumuvik/project/r34_stiker_bot/.venv/lib/python3.13/site-packages/aiogram/dispatcher/event/telegram.py", line 126, in trigger
    return await wrapped_inner(event, kwargs)
           ^^^^^^^^^^^^^^^^^^^^^^^^^^^^^^^^^^
  File "/home/zumuvik/project/r34_stiker_bot/.venv/lib/python3.13/site-packages/aiogram/dispatcher/event/handler.py", line 71, in call
    return await wrapped()
           ^^^^^^^^^^^^^^^
  File "/home/zumuvik/project/r34_stiker_bot/inline_waifu_bot.py", line 277, in handle_inline_query
    await query.answer(
    ...<5 lines>...
    )
  File "/home/zumuvik/project/r34_stiker_bot/.venv/lib/python3.13/site-packages/aiogram/methods/base.py", line 82, in emit
    return await bot(self)
           ^^^^^^^^^^^^^^^
  File "/home/zumuvik/project/r34_stiker_bot/.venv/lib/python3.13/site-packages/aiogram/client/bot.py", line 509, in __call__
    return await self.session(self, method, timeout=request_timeout)
           ^^^^^^^^^^^^^^^^^^^^^^^^^^^^^^^^^^^^^^^^^^^^^^^^^^^^^^^^^
  File "/home/zumuvik/project/r34_stiker_bot/.venv/lib/python3.13/site-packages/aiogram/client/session/base.py", line 259, in __call__
    return cast(TelegramType, await middleware(bot, method))
                              ^^^^^^^^^^^^^^^^^^^^^^^^^^^^^
  File "/home/zumuvik/project/r34_stiker_bot/.venv/lib/python3.13/site-packages/aiogram/client/session/aiohttp.py", line 177, in make_request
    response = self.check_response(
        bot=bot,
    ...<2 lines>...
        content=raw_result,
    )
  File "/home/zumuvik/project/r34_stiker_bot/.venv/lib/python3.13/site-packages/aiogram/client/session/base.py", line 121, in check_response
    raise TelegramBadRequest(method=method, message=description)
aiogram.exceptions.TelegramBadRequest: Telegram server says - Bad Request: query is too old and response timeout expired or query ID is invalid
2026-06-22 15:54:14,672 [INFO] aiogram.event: Update id=558241128 is not handled. Duration 1017 ms by bot id=8953158347
2026-06-22 15:54:14,672 [ERROR] aiogram.event: Cause exception while process update id=558241128 by bot id=8953158347
TelegramBadRequest: Telegram server says - Bad Request: query is too old and response timeout expired or query ID is invalid
Traceback (most recent call last):
  File "/home/zumuvik/project/r34_stiker_bot/.venv/lib/python3.13/site-packages/aiogram/dispatcher/dispatcher.py", line 320, in _process_update
    response = await self.feed_update(bot, update, **kwargs)
               ^^^^^^^^^^^^^^^^^^^^^^^^^^^^^^^^^^^^^^^^^^^^^
  File "/home/zumuvik/project/r34_stiker_bot/.venv/lib/python3.13/site-packages/aiogram/dispatcher/dispatcher.py", line 164, in feed_update
    response = await self.update.wrap_outer_middleware(
               ^^^^^^^^^^^^^^^^^^^^^^^^^^^^^^^^^^^^^^^^
    ...<7 lines>...
    )
    ^
  File "/home/zumuvik/project/r34_stiker_bot/.venv/lib/python3.13/site-packages/aiogram/dispatcher/middlewares/error.py", line 27, in __call__
    return await handler(event, data)
           ^^^^^^^^^^^^^^^^^^^^^^^^^^
  File "/home/zumuvik/project/r34_stiker_bot/.venv/lib/python3.13/site-packages/aiogram/dispatcher/middlewares/user_context.py", line 58, in __call__
    return await handler(event, data)
           ^^^^^^^^^^^^^^^^^^^^^^^^^^
  File "/home/zumuvik/project/r34_stiker_bot/.venv/lib/python3.13/site-packages/aiogram/fsm/middleware.py", line 43, in __call__
    return await handler(event, data)
           ^^^^^^^^^^^^^^^^^^^^^^^^^^
  File "/home/zumuvik/project/r34_stiker_bot/.venv/lib/python3.13/site-packages/aiogram/dispatcher/event/telegram.py", line 126, in trigger
    return await wrapped_inner(event, kwargs)
           ^^^^^^^^^^^^^^^^^^^^^^^^^^^^^^^^^^
  File "/home/zumuvik/project/r34_stiker_bot/.venv/lib/python3.13/site-packages/aiogram/dispatcher/event/handler.py", line 71, in call
    return await wrapped()
           ^^^^^^^^^^^^^^^
  File "/home/zumuvik/project/r34_stiker_bot/.venv/lib/python3.13/site-packages/aiogram/dispatcher/dispatcher.py", line 283, in _listen_update
    return await self.propagate_event(update_type=update_type, event=event, **kwargs)
           ^^^^^^^^^^^^^^^^^^^^^^^^^^^^^^^^^^^^^^^^^^^^^^^^^^^^^^^^^^^^^^^^^^^^^^^^^^
  File "/home/zumuvik/project/r34_stiker_bot/.venv/lib/python3.13/site-packages/aiogram/dispatcher/router.py", line 165, in propagate_event
    return await observer.wrap_outer_middleware(_wrapped, event=event, data=kwargs)
           ^^^^^^^^^^^^^^^^^^^^^^^^^^^^^^^^^^^^^^^^^^^^^^^^^^^^^^^^^^^^^^^^^^^^^^^^
  File "/home/zumuvik/project/r34_stiker_bot/.venv/lib/python3.13/site-packages/aiogram/dispatcher/router.py", line 157, in _wrapped
    return await self._propagate_event(
           ^^^^^^^^^^^^^^^^^^^^^^^^^^^^
    ...<4 lines>...
    )
    ^
  File "/home/zumuvik/project/r34_stiker_bot/.venv/lib/python3.13/site-packages/aiogram/dispatcher/router.py", line 185, in _propagate_event
    response = await observer.trigger(event, **kwargs)
               ^^^^^^^^^^^^^^^^^^^^^^^^^^^^^^^^^^^^^^^
  File "/home/zumuvik/project/r34_stiker_bot/.venv/lib/python3.13/site-packages/aiogram/dispatcher/event/telegram.py", line 126, in trigger
    return await wrapped_inner(event, kwargs)
           ^^^^^^^^^^^^^^^^^^^^^^^^^^^^^^^^^^
  File "/home/zumuvik/project/r34_stiker_bot/.venv/lib/python3.13/site-packages/aiogram/dispatcher/event/handler.py", line 71, in call
    return await wrapped()
           ^^^^^^^^^^^^^^^
  File "/home/zumuvik/project/r34_stiker_bot/inline_waifu_bot.py", line 277, in handle_inline_query
    await query.answer(
    ...<5 lines>...
    )
  File "/home/zumuvik/project/r34_stiker_bot/.venv/lib/python3.13/site-packages/aiogram/methods/base.py", line 82, in emit
    return await bot(self)
           ^^^^^^^^^^^^^^^
  File "/home/zumuvik/project/r34_stiker_bot/.venv/lib/python3.13/site-packages/aiogram/client/bot.py", line 509, in __call__
    return await self.session(self, method, timeout=request_timeout)
           ^^^^^^^^^^^^^^^^^^^^^^^^^^^^^^^^^^^^^^^^^^^^^^^^^^^^^^^^^
  File "/home/zumuvik/project/r34_stiker_bot/.venv/lib/python3.13/site-packages/aiogram/client/session/base.py", line 259, in __call__
    return cast(TelegramType, await middleware(bot, method))
                              ^^^^^^^^^^^^^^^^^^^^^^^^^^^^^
  File "/home/zumuvik/project/r34_stiker_bot/.venv/lib/python3.13/site-packages/aiogram/client/session/aiohttp.py", line 177, in make_request
    response = self.check_response(
        bot=bot,
    ...<2 lines>...
        content=raw_result,
    )
  File "/home/zumuvik/project/r34_stiker_bot/.venv/lib/python3.13/site-packages/aiogram/client/session/base.py", line 121, in check_response
    raise TelegramBadRequest(method=method, message=description)
aiogram.exceptions.TelegramBadRequest: Telegram server says - Bad Request: query is too old and response timeout expired or query ID is invalid
2026-06-22 15:54:14,681 [INFO] aiogram.event: Update id=558241129 is not handled. Duration 1025 ms by bot id=8953158347
2026-06-22 15:54:14,682 [ERROR] aiogram.event: Cause exception while process update id=558241129 by bot id=8953158347
TelegramBadRequest: Telegram server says - Bad Request: query is too old and response timeout expired or query ID is invalid
Traceback (most recent call last):
  File "/home/zumuvik/project/r34_stiker_bot/.venv/lib/python3.13/site-packages/aiogram/dispatcher/dispatcher.py", line 320, in _process_update
    response = await self.feed_update(bot, update, **kwargs)
               ^^^^^^^^^^^^^^^^^^^^^^^^^^^^^^^^^^^^^^^^^^^^^
  File "/home/zumuvik/project/r34_stiker_bot/.venv/lib/python3.13/site-packages/aiogram/dispatcher/dispatcher.py", line 164, in feed_update
    response = await self.update.wrap_outer_middleware(
               ^^^^^^^^^^^^^^^^^^^^^^^^^^^^^^^^^^^^^^^^
    ...<7 lines>...
    )
    ^
  File "/home/zumuvik/project/r34_stiker_bot/.venv/lib/python3.13/site-packages/aiogram/dispatcher/middlewares/error.py", line 27, in __call__
    return await handler(event, data)
           ^^^^^^^^^^^^^^^^^^^^^^^^^^
  File "/home/zumuvik/project/r34_stiker_bot/.venv/lib/python3.13/site-packages/aiogram/dispatcher/middlewares/user_context.py", line 58, in __call__
    return await handler(event, data)
           ^^^^^^^^^^^^^^^^^^^^^^^^^^
  File "/home/zumuvik/project/r34_stiker_bot/.venv/lib/python3.13/site-packages/aiogram/fsm/middleware.py", line 43, in __call__
    return await handler(event, data)
           ^^^^^^^^^^^^^^^^^^^^^^^^^^
  File "/home/zumuvik/project/r34_stiker_bot/.venv/lib/python3.13/site-packages/aiogram/dispatcher/event/telegram.py", line 126, in trigger
    return await wrapped_inner(event, kwargs)
           ^^^^^^^^^^^^^^^^^^^^^^^^^^^^^^^^^^
  File "/home/zumuvik/project/r34_stiker_bot/.venv/lib/python3.13/site-packages/aiogram/dispatcher/event/handler.py", line 71, in call
    return await wrapped()
           ^^^^^^^^^^^^^^^
  File "/home/zumuvik/project/r34_stiker_bot/.venv/lib/python3.13/site-packages/aiogram/dispatcher/dispatcher.py", line 283, in _listen_update
    return await self.propagate_event(update_type=update_type, event=event, **kwargs)
           ^^^^^^^^^^^^^^^^^^^^^^^^^^^^^^^^^^^^^^^^^^^^^^^^^^^^^^^^^^^^^^^^^^^^^^^^^^
  File "/home/zumuvik/project/r34_stiker_bot/.venv/lib/python3.13/site-packages/aiogram/dispatcher/router.py", line 165, in propagate_event
    return await observer.wrap_outer_middleware(_wrapped, event=event, data=kwargs)
           ^^^^^^^^^^^^^^^^^^^^^^^^^^^^^^^^^^^^^^^^^^^^^^^^^^^^^^^^^^^^^^^^^^^^^^^^
  File "/home/zumuvik/project/r34_stiker_bot/.venv/lib/python3.13/site-packages/aiogram/dispatcher/router.py", line 157, in _wrapped
    return await self._propagate_event(
           ^^^^^^^^^^^^^^^^^^^^^^^^^^^^
    ...<4 lines>...
    )
    ^
  File "/home/zumuvik/project/r34_stiker_bot/.venv/lib/python3.13/site-packages/aiogram/dispatcher/router.py", line 185, in _propagate_event
    response = await observer.trigger(event, **kwargs)
               ^^^^^^^^^^^^^^^^^^^^^^^^^^^^^^^^^^^^^^^
  File "/home/zumuvik/project/r34_stiker_bot/.venv/lib/python3.13/site-packages/aiogram/dispatcher/event/telegram.py", line 126, in trigger
    return await wrapped_inner(event, kwargs)
           ^^^^^^^^^^^^^^^^^^^^^^^^^^^^^^^^^^
  File "/home/zumuvik/project/r34_stiker_bot/.venv/lib/python3.13/site-packages/aiogram/dispatcher/event/handler.py", line 71, in call
    return await wrapped()
           ^^^^^^^^^^^^^^^
  File "/home/zumuvik/project/r34_stiker_bot/inline_waifu_bot.py", line 277, in handle_inline_query
    await query.answer(
    ...<5 lines>...
    )
  File "/home/zumuvik/project/r34_stiker_bot/.venv/lib/python3.13/site-packages/aiogram/methods/base.py", line 82, in emit
    return await bot(self)
           ^^^^^^^^^^^^^^^
  File "/home/zumuvik/project/r34_stiker_bot/.venv/lib/python3.13/site-packages/aiogram/client/bot.py", line 509, in __call__
    return await self.session(self, method, timeout=request_timeout)
           ^^^^^^^^^^^^^^^^^^^^^^^^^^^^^^^^^^^^^^^^^^^^^^^^^^^^^^^^^
  File "/home/zumuvik/project/r34_stiker_bot/.venv/lib/python3.13/site-packages/aiogram/client/session/base.py", line 259, in __call__
    return cast(TelegramType, await middleware(bot, method))
                              ^^^^^^^^^^^^^^^^^^^^^^^^^^^^^
  File "/home/zumuvik/project/r34_stiker_bot/.venv/lib/python3.13/site-packages/aiogram/client/session/aiohttp.py", line 177, in make_request
    response = self.check_response(
        bot=bot,
    ...<2 lines>...
        content=raw_result,
    )
  File "/home/zumuvik/project/r34_stiker_bot/.venv/lib/python3.13/site-packages/aiogram/client/session/base.py", line 121, in check_response
    raise TelegramBadRequest(method=method, message=description)
aiogram.exceptions.TelegramBadRequest: Telegram server says - Bad Request: query is too old and response timeout expired or query ID is invalid
2026-06-22 15:54:35,936 [INFO] __main__: Inline-запрос от 1383064664: тег='None'
2026-06-22 15:54:36,766 [INFO] aiogram.event: Update id=558241130 is handled. Duration 830 ms by bot id=8953158347
2026-06-22 15:54:41,015 [INFO] __main__: Inline-запрос от 1383064664: тег='None'
2026-06-22 15:54:41,778 [INFO] aiogram.event: Update id=558241131 is handled. Duration 762 ms by bot id=8953158347
2026-06-22 15:57:04,434 [WARNING] aiogram.dispatcher: Received SIGTERM signal
2026-06-22 15:57:04,435 [INFO] aiogram.dispatcher: Polling stopped for bot @Waifulinuxbot id=8953158347 - 'гайды - WAIFU OS'
2026-06-22 15:57:04,435 [INFO] aiogram.dispatcher: Polling stopped
2026-06-22 15:58:27,389 [INFO] inline_waifu_bot.app: Бот запущен. Ожидание инлайн-запросов...
2026-06-22 15:58:27,390 [INFO] aiogram.dispatcher: Start polling
2026-06-22 15:58:27,938 [INFO] aiogram.dispatcher: Run polling for bot @Waifulinuxbot id=8953158347 - 'гайды - WAIFU OS'
2026-06-22 15:59:23,611 [INFO] inline_waifu_bot.handlers: Inline-запрос от 1383064664: тег='None'
2026-06-22 15:59:24,880 [INFO] aiogram.event: Update id=558241132 is handled. Duration 1268 ms by bot id=8953158347
2026-06-22 16:03:35,567 [WARNING] aiogram.dispatcher: Received SIGTERM signal
2026-06-22 16:03:35,568 [INFO] aiogram.dispatcher: Polling stopped for bot @Waifulinuxbot id=8953158347 - 'гайды - WAIFU OS'
2026-06-22 16:03:35,568 [INFO] aiogram.dispatcher: Polling stopped
2026-06-22 16:03:40,164 [INFO] inline_waifu_bot.app: Бот запущен. Ожидание инлайн-запросов...
2026-06-22 16:03:40,165 [INFO] aiogram.dispatcher: Start polling
2026-06-22 16:03:40,766 [INFO] aiogram.dispatcher: Run polling for bot @Waifulinuxbot id=8953158347 - 'гайды - WAIFU OS'
2026-06-22 16:04:30,291 [INFO] inline_waifu_bot.handlers: Inline-запрос от 1383064664: тег='None'
2026-06-22 16:04:31,966 [INFO] aiogram.event: Update id=558241133 is handled. Duration 1676 ms by bot id=8953158347
2026-06-22 16:04:38,007 [INFO] inline_waifu_bot.handlers: Callback от 1383064664: новый контент, тег='None'
2026-06-22 16:04:38,892 [INFO] aiogram.event: Update id=558241134 is handled. Duration 885 ms by bot id=8953158347
2026-06-22 16:04:41,960 [INFO] inline_waifu_bot.handlers: Callback от 1383064664: новый контент, тег='None'
2026-06-22 16:04:42,746 [INFO] aiogram.event: Update id=558241135 is handled. Duration 787 ms by bot id=8953158347
2026-06-22 16:05:10,018 [INFO] inline_waifu_bot.handlers: Inline-запрос от 8964334068: тег='None'
2026-06-22 16:05:10,631 [INFO] aiogram.event: Update id=558241136 is handled. Duration 612 ms by bot id=8953158347
2026-06-22 16:05:19,953 [INFO] inline_waifu_bot.handlers: Callback от 8964334068: новый контент, тег='None'
2026-06-22 16:05:20,916 [INFO] aiogram.event: Update id=558241137 is handled. Duration 964 ms by bot id=8953158347
2026-06-22 16:05:24,561 [INFO] inline_waifu_bot.handlers: Callback от 8964334068: новый контент, тег='None'
2026-06-22 16:05:25,511 [INFO] aiogram.event: Update id=558241138 is handled. Duration 951 ms by bot id=8953158347
2026-06-22 16:05:28,040 [INFO] inline_waifu_bot.handlers: Callback от 8964334068: новый контент, тег='None'
2026-06-22 16:05:28,963 [INFO] aiogram.event: Update id=558241139 is handled. Duration 923 ms by bot id=8953158347
2026-06-22 16:05:31,933 [INFO] inline_waifu_bot.handlers: Callback от 8964334068: новый контент, тег='None'
2026-06-22 16:05:32,840 [INFO] aiogram.event: Update id=558241140 is handled. Duration 908 ms by bot id=8953158347
2026-06-22 16:05:35,108 [INFO] inline_waifu_bot.handlers: Callback от 8964334068: новый контент, тег='None'
2026-06-22 16:05:35,841 [INFO] aiogram.event: Update id=558241141 is handled. Duration 733 ms by bot id=8953158347
2026-06-22 16:05:38,793 [INFO] inline_waifu_bot.handlers: Callback от 8964334068: новый контент, тег='None'
2026-06-22 16:05:39,548 [INFO] aiogram.event: Update id=558241142 is handled. Duration 754 ms by bot id=8953158347
2026-06-22 16:05:43,711 [INFO] inline_waifu_bot.handlers: Inline-запрос от 1383064664: тег='None'
2026-06-22 16:05:44,526 [INFO] aiogram.event: Update id=558241143 is handled. Duration 815 ms by bot id=8953158347
2026-06-22 16:05:46,745 [INFO] inline_waifu_bot.handlers: Callback от 8964334068: новый контент, тег='None'
2026-06-22 16:05:47,396 [INFO] inline_waifu_bot.handlers: Inline-запрос от 1383064664: тег='ass'
2026-06-22 16:05:47,555 [INFO] aiogram.event: Update id=558241144 is handled. Duration 810 ms by bot id=8953158347
2026-06-22 16:05:47,992 [INFO] aiogram.event: Update id=558241145 is handled. Duration 596 ms by bot id=8953158347
2026-06-22 16:05:50,570 [INFO] inline_waifu_bot.handlers: Callback от 8964334068: новый контент, тег='None'
2026-06-22 16:05:51,447 [INFO] aiogram.event: Update id=558241146 is handled. Duration 877 ms by bot id=8953158347
2026-06-22 16:05:52,710 [INFO] inline_waifu_bot.handlers: Чужой нажал кнопку: 8964334068 (владелец 1383064664)
2026-06-22 16:05:52,869 [INFO] aiogram.event: Update id=558241147 is handled. Duration 159 ms by bot id=8953158347
2026-06-22 16:05:54,113 [INFO] inline_waifu_bot.handlers: Inline-запрос от 412194543: тег='None'
2026-06-22 16:05:54,611 [INFO] aiogram.event: Update id=558241148 is handled. Duration 497 ms by bot id=8953158347
2026-06-22 16:05:55,255 [INFO] inline_waifu_bot.handlers: Callback от 1383064664: новый контент, тег='ass'
2026-06-22 16:05:56,200 [INFO] aiogram.event: Update id=558241149 is handled. Duration 945 ms by bot id=8953158347
2026-06-22 16:06:04,981 [INFO] inline_waifu_bot.handlers: Callback от 412194543: новый контент, тег='None'
2026-06-22 16:06:05,699 [INFO] aiogram.event: Update id=558241150 is handled. Duration 718 ms by bot id=8953158347
2026-06-22 16:06:08,553 [INFO] inline_waifu_bot.handlers: Callback от 412194543: новый контент, тег='None'
2026-06-22 16:06:09,239 [INFO] aiogram.event: Update id=558241151 is handled. Duration 687 ms by bot id=8953158347
2026-06-22 16:06:39,927 [INFO] inline_waifu_bot.handlers: Чужой нажал кнопку: 5472579090 (владелец 412194543)
2026-06-22 16:06:40,075 [INFO] aiogram.event: Update id=558241152 is handled. Duration 148 ms by bot id=8953158347
2026-06-22 16:15:14,430 [ERROR] aiogram.dispatcher: Failed to fetch updates - TelegramNetworkError: HTTP Client says - Request timeout error
2026-06-22 16:15:14,430 [WARNING] aiogram.dispatcher: Sleep for 1.000000 seconds and try again... (tryings = 0, bot id = 8953158347)
2026-06-22 16:15:26,272 [INFO] aiogram.dispatcher: Connection established (tryings = 1, bot id = 8953158347)
2026-06-22 16:17:46,118 [INFO] inline_waifu_bot.handlers: Inline-запрос от 1383064664: тег='None'
2026-06-22 16:17:47,383 [INFO] aiogram.event: Update id=558241153 is handled. Duration 1265 ms by bot id=8953158347
2026-06-22 16:18:44,458 [WARNING] aiogram.dispatcher: Received SIGTERM signal
2026-06-22 16:18:44,458 [INFO] aiogram.dispatcher: Polling stopped for bot @Waifulinuxbot id=8953158347 - 'гайды - WAIFU OS'
2026-06-22 16:18:44,458 [INFO] aiogram.dispatcher: Polling stopped
2026-06-22 16:18:49,015 [INFO] inline_waifu_bot.app: Бот запущен. Ожидание инлайн-запросов...
2026-06-22 16:18:49,015 [INFO] aiogram.dispatcher: Start polling
2026-06-22 16:18:49,693 [INFO] aiogram.dispatcher: Run polling for bot @Waifulinuxbot id=8953158347 - 'гайды - WAIFU OS'
